MPASM 5.60                          MAIN.ASM   3-27-2015  1:37:18         PAGE  1


LOC  OBJECT CODE     LINE SOURCE TEXT
  VALUE

                      00001 #INCLUDE <P16F628A.INC>
                      00001         LIST
                      00002 
                      00003 ;==========================================================================
                      00004 ; Build date : Nov 13 2014
                      00005 ;  MPASM PIC16F628A processor include
                      00006 ; 
                      00007 ;  (c) Copyright 1999-2014 Microchip Technology, All rights reserved
                      00008 ;==========================================================================
                      00009 
                      00386         LIST
                      00002 
                      00003 #DEFINE BANK0 bcf STATUS, RP0
                      00004 #DEFINE BANK1 bsf STATUS, RP0
                      00005 
                      00006 #DEFINE LED   PORTB, 2
                      00007 
Warning[205]: Found directive in column 1. (CBLOCK)
                      00008 CBLOCK 0x20
  00000020            00009   tmrflagsa
  00000021            00010   tmrflagsb
  00000022            00011   tmrflagsc
Warning[205]: Found directive in column 1. (ENDC)
                      00012 ENDC
                      00013 
                      00014     org 0
                      00015 
0000   0185           00016     clrf PORTA
0001   0186           00017     clrf PORTB
                      00018 
                      00019 
0002   1683           00020     BANK1
0003   3000           00021     movlw B'00000000'
Message[302]: Register in operand not in bank 0.  Ensure that bank bits are correct.
0004   0086           00022     movwf TRISB
                      00023 
0005   1283           00024     BANK0
                      00025 
                      00026 
0006                  00027 MAIN
0006   1506           00028     bsf LED
0007   2???           00029     CALL t0_reset
0008   2???           00030     CALL t0_set250
0009   2???           00031     CALL t0_wait
000A   1106           00032     bcf LED
000B   2???           00033     CALL t0_reset
000C   2???           00034     CALL t0_set250
000D   2???           00035     CALL t0_wait
                      00036 
000E   2???           00037     GOTO MAIN
                      00038 
000F                  00039 t0_wait
000F   1C20           00040   btfss tmrflagsa, 0
MPASM 5.60                          MAIN.ASM   3-27-2015  1:37:18         PAGE  2


LOC  OBJECT CODE     LINE SOURCE TEXT
  VALUE

0010   2???           00041   goto $-1
0011   0008           00042   return
                      00043 
0012                  00044 t0_set250
0012   3006           00045   movlw 0x06 ; approx 0.25ms to overflow
0013   0081           00046   movwf TMR0
0014   1020           00047   bcf tmrflagsa, 0
0015   0008           00048   return
                      00049 
0016                  00050 t0_reset
0016   0181           00051   clrf TMR0
0017   1020           00052   bcf tmrflagsa, 0
0018   0008           00053   return
                      00054 
0019                  00055 wait_150ms
0019   3003           00056     movlw 0x03
001A   00A2           00057     movwf tmrflagsc
001B   2???           00058     call wait_50ms_while
001C   0008           00059     return
                      00060 
001D                  00061 wait_500ms
001D   3010           00062     movlw 0x10
001E   00A2           00063     movwf tmrflagsc
001F   2???           00064     call wait_50ms_while
0020   0008           00065     return
                      00066 
0021                  00067 wait_50ms_while
0021   2???           00068     call wait_50ms
0022   3001           00069     movlw 0x01
0023   02A2           00070     SUBWF tmrflagsc, 1
0024   1C22           00071     btfss tmrflagsc, 0
0025   2???           00072     goto $-1
0026   0008           00073     return
                      00074 
0027                  00075 wait_50ms
0027   30C8           00076     movlw 0xC8
0028   00A1           00077     movwf tmrflagsb
0029   2???           00078     call wait_250us
002A   0008           00079     return
                      00080 
                      00081 
002B                  00082 wait_250us
002B   2???           00083     CALL t0_reset
002C   2???           00084     CALL t0_set250
002D   2???           00085     CALL t0_wait
002E   3001           00086     movlw 0x01
002F   02A1           00087     SUBWF tmrflagsb, 0x01
0030   1C21           00088     btfss tmrflagsb, 0
0031   2???           00089     goto $-1
0032   0008           00090     return
Warning[205]: Found directive in column 1. (END)
                      00091 END
MPASM 5.60                          MAIN.ASM   3-27-2015  1:37:18         PAGE  3


SYMBOL TABLE
  LABEL                             VALUE 

ADDEN                             00000003
ADEN                              00000003
BANK0                             bcf STATUS, RP0
BANK1                             bsf STATUS, RP0
BRGH                              00000002
C                                 00000000
C1INV                             00000004
C1OUT                             00000006
C2INV                             00000005
C2OUT                             00000007
CCP1CON                           00000017
CCP1IE                            00000002
CCP1IF                            00000002
CCP1M0                            00000000
CCP1M1                            00000001
CCP1M2                            00000002
CCP1M3                            00000003
CCP1X                             00000005
CCP1Y                             00000004
CCPR1                             00000015
CCPR1H                            00000016
CCPR1L                            00000015
CIS                               00000003
CM0                               00000000
CM1                               00000001
CM2                               00000002
CMCON                             0000001F
CMIE                              00000006
CMIF                              00000006
CREN                              00000004
CSRC                              00000007
DATA_CP_OFF                       00003FFF
DATA_CP_ON                        00003EFF
DC                                00000001
EEADR                             0000009B
EECON1                            0000009C
EECON2                            0000009D
EEDATA                            0000009A
EEIE                              00000007
EEIF                              00000007
F                                 00000001
FERR                              00000002
FSR                               00000004
GIE                               00000007
INDF                              00000000
INTCON                            0000000B
INTE                              00000004
INTEDG                            00000006
INTF                              00000001
IRP                               00000007
LED                               PORTB, 2
MAIN                              00000006
NOT_BO                            00000000
MPASM 5.60                          MAIN.ASM   3-27-2015  1:37:18         PAGE  4


SYMBOL TABLE
  LABEL                             VALUE 

NOT_BOD                           00000000
NOT_BOR                           00000000
NOT_PD                            00000003
NOT_POR                           00000001
NOT_RBPU                          00000007
NOT_T1SYNC                        00000002
NOT_TO                            00000004
OERR                              00000001
OPTION_REG                        00000081
OSCF                              00000003
PCL                               00000002
PCLATH                            0000000A
PCON                              0000008E
PEIE                              00000006
PIE1                              0000008C
PIR1                              0000000C
PORTA                             00000005
PORTB                             00000006
PR2                               00000092
PS0                               00000000
PS1                               00000001
PS2                               00000002
PSA                               00000003
RA0                               00000000
RA1                               00000001
RA2                               00000002
RA3                               00000003
RA4                               00000004
RA5                               00000005
RA6                               00000006
RA7                               00000007
RB0                               00000000
RB1                               00000001
RB2                               00000002
RB3                               00000003
RB4                               00000004
RB5                               00000005
RB6                               00000006
RB7                               00000007
RBIE                              00000003
RBIF                              00000000
RCIE                              00000005
RCIF                              00000005
RCREG                             0000001A
RCSTA                             00000018
RD                                00000000
RP0                               00000005
RP1                               00000006
RX9                               00000006
RX9D                              00000000
SPBRG                             00000099
SPEN                              00000007
SREN                              00000005
MPASM 5.60                          MAIN.ASM   3-27-2015  1:37:18         PAGE  5


SYMBOL TABLE
  LABEL                             VALUE 

STATUS                            00000003
SYNC                              00000004
T0CS                              00000005
T0IE                              00000005
T0IF                              00000002
T0SE                              00000004
T1CKPS0                           00000004
T1CKPS1                           00000005
T1CON                             00000010
T1OSCEN                           00000003
T2CKPS0                           00000000
T2CKPS1                           00000001
T2CON                             00000012
TMR0                              00000001
TMR0IE                            00000005
TMR0IF                            00000002
TMR1                              0000000E
TMR1CS                            00000001
TMR1H                             0000000F
TMR1IE                            00000000
TMR1IF                            00000000
TMR1L                             0000000E
TMR1ON                            00000000
TMR2                              00000011
TMR2IE                            00000001
TMR2IF                            00000001
TMR2ON                            00000002
TOUTPS0                           00000003
TOUTPS1                           00000004
TOUTPS2                           00000005
TOUTPS3                           00000006
TRISA                             00000085
TRISA0                            00000000
TRISA1                            00000001
TRISA2                            00000002
TRISA3                            00000003
TRISA4                            00000004
TRISA5                            00000005
TRISA6                            00000006
TRISA7                            00000007
TRISB                             00000086
TRISB0                            00000000
TRISB1                            00000001
TRISB2                            00000002
TRISB3                            00000003
TRISB4                            00000004
TRISB5                            00000005
TRISB6                            00000006
TRISB7                            00000007
TRMT                              00000001
TX9                               00000006
TX9D                              00000000
TXEN                              00000005
MPASM 5.60                          MAIN.ASM   3-27-2015  1:37:18         PAGE  6


SYMBOL TABLE
  LABEL                             VALUE 

TXIE                              00000004
TXIF                              00000004
TXREG                             00000019
TXSTA                             00000098
VR0                               00000000
VR1                               00000001
VR2                               00000002
VR3                               00000003
VRCON                             0000009F
VREN                              00000007
VROE                              00000006
VRR                               00000005
W                                 00000000
WR                                00000001
WREN                              00000002
WRERR                             00000003
Z                                 00000002
_.org_0_0010                      00000010
_.org_0_0025                      00000025
_.org_0_0031                      00000031
_BODEN_OFF                        00003FBF
_BODEN_ON                         00003FFF
_BOREN_OFF                        00003FBF
_BOREN_ON                         00003FFF
_CONFIG                           00002007
_CPD_OFF                          00003FFF
_CPD_ON                           00003EFF
_CP_OFF                           00003FFF
_CP_ON                            00001FFF
_DEVID1                           00002006
_ER_OSC_CLKOUT                    00003FFF
_ER_OSC_NOCLKOUT                  00003FFE
_EXTCLK_OSC                       00003FEF
_FOSC_ECIO                        00003FEF
_FOSC_EXTRCCLK                    00003FFF
_FOSC_EXTRCIO                     00003FFE
_FOSC_HS                          00003FEE
_FOSC_INTOSCCLK                   00003FFD
_FOSC_INTOSCIO                    00003FFC
_FOSC_LP                          00003FEC
_FOSC_XT                          00003FED
_HS_OSC                           00003FEE
_IDLOC0                           00002000
_IDLOC1                           00002001
_IDLOC2                           00002002
_IDLOC3                           00002003
_INTOSC_OSC_CLKOUT                00003FFD
_INTOSC_OSC_NOCLKOUT              00003FFC
_INTRC_OSC_CLKOUT                 00003FFD
_INTRC_OSC_NOCLKOUT               00003FFC
_LP_OSC                           00003FEC
_LVP_OFF                          00003F7F
_LVP_ON                           00003FFF
MPASM 5.60                          MAIN.ASM   3-27-2015  1:37:18         PAGE  7


SYMBOL TABLE
  LABEL                             VALUE 

_MCLRE_OFF                        00003FDF
_MCLRE_ON                         00003FFF
_PWRTE_OFF                        00003FFF
_PWRTE_ON                         00003FF7
_RC_OSC_CLKOUT                    00003FFF
_RC_OSC_NOCLKOUT                  00003FFE
_WDTE_OFF                         00003FFB
_WDTE_ON                          00003FFF
_WDT_OFF                          00003FFB
_WDT_ON                           00003FFF
_XT_OSC                           00003FED
__16F628A                         00000001
t0_reset                          00000016
t0_set250                         00000012
t0_wait                           0000000F
tmrflagsa                         00000020
tmrflagsb                         00000021
tmrflagsc                         00000022
wait_150ms                        00000019
wait_250us                        0000002B
wait_500ms                        0000001D
wait_50ms                         00000027
wait_50ms_while                   00000021

Errors   :     0
Warnings :     3 reported,     0 suppressed
Messages :     1 reported,     0 suppressed

